[debug] [2021-05-18T15:58:05.351Z] ----------------------------------------------------------------------
[debug] [2021-05-18T15:58:05.354Z] Command:       /usr/local/bin/node /usr/local/bin/firebase deploy --only functions
[debug] [2021-05-18T15:58:05.354Z] CLI Version:   9.9.0
[debug] [2021-05-18T15:58:05.354Z] Platform:      darwin
[debug] [2021-05-18T15:58:05.354Z] Node Version:  v14.16.0
[debug] [2021-05-18T15:58:05.356Z] Time:          Tue May 18 2021 10:58:05 GMT-0500 (Central Daylight Time)
[debug] [2021-05-18T15:58:05.356Z] ----------------------------------------------------------------------
[debug] 
[debug] [2021-05-18T15:58:05.367Z] > command requires scopes: ["email","openid","https://www.googleapis.com/auth/cloudplatformprojects.readonly","https://www.googleapis.com/auth/firebase","https://www.googleapis.com/auth/cloud-platform"]
[debug] [2021-05-18T15:58:05.367Z] > authorizing via signed-in user (nschaffer415@gmail.com)
[debug] [2021-05-18T15:58:05.367Z] [iam] checking project peerpal-a286b for permissions ["cloudfunctions.functions.create","cloudfunctions.functions.delete","cloudfunctions.functions.get","cloudfunctions.functions.list","cloudfunctions.functions.update","cloudfunctions.operations.get","firebase.projects.get"]
[debug] [2021-05-18T15:58:05.370Z] > refreshing access token with scopes: ["email","https://www.googleapis.com/auth/cloud-platform","https://www.googleapis.com/auth/cloudplatformprojects.readonly","https://www.googleapis.com/auth/firebase","openid"]
[debug] [2021-05-18T15:58:05.371Z] >>> HTTP REQUEST POST https://www.googleapis.com/oauth2/v3/token  
 <request body omitted>
[debug] [2021-05-18T15:58:05.545Z] <<< HTTP RESPONSE 200 {"pragma":"no-cache","expires":"Mon, 01 Jan 1990 00:00:00 GMT","date":"Tue, 18 May 2021 15:58:05 GMT","cache-control":"no-cache, no-store, max-age=0, must-revalidate","content-type":"application/json; charset=utf-8","vary":"X-Origin, Referer, Origin,Accept-Encoding","server":"scaffolding on HTTPServer2","x-xss-protection":"0","x-frame-options":"SAMEORIGIN","x-content-type-options":"nosniff","alt-svc":"h3-29=\":443\"; ma=2592000,h3-T051=\":443\"; ma=2592000,h3-Q050=\":443\"; ma=2592000,h3-Q046=\":443\"; ma=2592000,h3-Q043=\":443\"; ma=2592000,quic=\":443\"; ma=2592000; v=\"46,43\"","accept-ranges":"none","transfer-encoding":"chunked"}
[debug] [2021-05-18T15:58:05.556Z] >>> HTTP REQUEST POST https://cloudresourcemanager.googleapis.com/v1/projects/peerpal-a286b:testIamPermissions  
 {"permissions":["cloudfunctions.functions.create","cloudfunctions.functions.delete","cloudfunctions.functions.get","cloudfunctions.functions.list","cloudfunctions.functions.update","cloudfunctions.operations.get","firebase.projects.get"]}
[debug] [2021-05-18T15:58:05.723Z] <<< HTTP RESPONSE 200 {"content-type":"application/json; charset=UTF-8","vary":"X-Origin, Referer, Origin,Accept-Encoding","date":"Tue, 18 May 2021 15:58:05 GMT","server":"ESF","cache-control":"private","x-xss-protection":"0","x-frame-options":"SAMEORIGIN","x-content-type-options":"nosniff","server-timing":"gfet4t7; dur=80","alt-svc":"h3-29=\":443\"; ma=2592000,h3-T051=\":443\"; ma=2592000,h3-Q050=\":443\"; ma=2592000,h3-Q046=\":443\"; ma=2592000,h3-Q043=\":443\"; ma=2592000,quic=\":443\"; ma=2592000; v=\"46,43\"","accept-ranges":"none","transfer-encoding":"chunked"}
[debug] [2021-05-18T15:58:05.724Z] >>> HTTP REQUEST POST https://iam.googleapis.com/v1/projects/peerpal-a286b/serviceAccounts/peerpal-a286b@appspot.gserviceaccount.com:testIamPermissions  
 {"permissions":["iam.serviceAccounts.actAs"]}
[debug] [2021-05-18T15:58:05.838Z] <<< HTTP RESPONSE 200 {"content-type":"application/json; charset=UTF-8","vary":"X-Origin, Referer, Origin,Accept-Encoding","date":"Tue, 18 May 2021 15:58:05 GMT","server":"ESF","cache-control":"private","x-xss-protection":"0","x-frame-options":"SAMEORIGIN","x-content-type-options":"nosniff","alt-svc":"h3-29=\":443\"; ma=2592000,h3-T051=\":443\"; ma=2592000,h3-Q050=\":443\"; ma=2592000,h3-Q046=\":443\"; ma=2592000,h3-Q043=\":443\"; ma=2592000,quic=\":443\"; ma=2592000; v=\"46,43\"","accept-ranges":"none","transfer-encoding":"chunked"}
[info] 
[info] === Deploying to 'peerpal-a286b'...
[info] 
[info] i  deploying functions 
[info] i  functions: ensuring required API cloudfunctions.googleapis.com is enabled... 
[info] i  functions: ensuring required API cloudbuild.googleapis.com is enabled... 
[debug] [2021-05-18T15:58:09.677Z] >>> HTTP REQUEST GET https://serviceusage.googleapis.com/v1/projects/peerpal-a286b/services/cloudfunctions.googleapis.com  
 
[debug] [2021-05-18T15:58:09.678Z] >>> HTTP REQUEST GET https://serviceusage.googleapis.com/v1/projects/peerpal-a286b/services/runtimeconfig.googleapis.com  
 
[debug] [2021-05-18T15:58:09.678Z] >>> HTTP REQUEST GET https://serviceusage.googleapis.com/v1/projects/peerpal-a286b/services/cloudbuild.googleapis.com  
 
[debug] [2021-05-18T15:58:09.890Z] <<< HTTP RESPONSE 200 {"content-type":"application/json; charset=UTF-8","vary":"X-Origin, Referer, Origin,Accept-Encoding","date":"Tue, 18 May 2021 15:58:09 GMT","server":"ESF","cache-control":"private","x-xss-protection":"0","x-frame-options":"SAMEORIGIN","x-content-type-options":"nosniff","alt-svc":"h3-29=\":443\"; ma=2592000,h3-T051=\":443\"; ma=2592000,h3-Q050=\":443\"; ma=2592000,h3-Q046=\":443\"; ma=2592000,h3-Q043=\":443\"; ma=2592000,quic=\":443\"; ma=2592000; v=\"46,43\"","accept-ranges":"none","transfer-encoding":"chunked"}
[debug] [2021-05-18T15:58:09.971Z] <<< HTTP RESPONSE 200 {"content-type":"application/json; charset=UTF-8","vary":"X-Origin, Referer, Origin,Accept-Encoding","date":"Tue, 18 May 2021 15:58:09 GMT","server":"ESF","cache-control":"private","x-xss-protection":"0","x-frame-options":"SAMEORIGIN","x-content-type-options":"nosniff","alt-svc":"h3-29=\":443\"; ma=2592000,h3-T051=\":443\"; ma=2592000,h3-Q050=\":443\"; ma=2592000,h3-Q046=\":443\"; ma=2592000,h3-Q043=\":443\"; ma=2592000,quic=\":443\"; ma=2592000; v=\"46,43\"","accept-ranges":"none","transfer-encoding":"chunked"}
[info] ✔  functions: required API cloudbuild.googleapis.com is enabled 
[debug] [2021-05-18T15:58:09.977Z] <<< HTTP RESPONSE 200 {"content-type":"application/json; charset=UTF-8","vary":"X-Origin, Referer, Origin,Accept-Encoding","date":"Tue, 18 May 2021 15:58:09 GMT","server":"ESF","cache-control":"private","x-xss-protection":"0","x-frame-options":"SAMEORIGIN","x-content-type-options":"nosniff","alt-svc":"h3-29=\":443\"; ma=2592000,h3-T051=\":443\"; ma=2592000,h3-Q050=\":443\"; ma=2592000,h3-Q046=\":443\"; ma=2592000,h3-Q043=\":443\"; ma=2592000,quic=\":443\"; ma=2592000; v=\"46,43\"","accept-ranges":"none","transfer-encoding":"chunked"}
[info] ✔  functions: required API cloudfunctions.googleapis.com is enabled 
[debug] [2021-05-18T15:58:09.978Z] >>> HTTP REQUEST GET https://firebase.googleapis.com/v1beta1/projects/peerpal-a286b/adminSdkConfig  
 
[debug] [2021-05-18T15:58:10.154Z] <<< HTTP RESPONSE 200 {"content-type":"application/json; charset=UTF-8","vary":"X-Origin, Referer, Origin,Accept-Encoding","date":"Tue, 18 May 2021 15:58:10 GMT","server":"ESF","cache-control":"private","x-xss-protection":"0","x-frame-options":"SAMEORIGIN","x-content-type-options":"nosniff","alt-svc":"h3-29=\":443\"; ma=2592000,h3-T051=\":443\"; ma=2592000,h3-Q050=\":443\"; ma=2592000,h3-Q046=\":443\"; ma=2592000,h3-Q043=\":443\"; ma=2592000,quic=\":443\"; ma=2592000; v=\"46,43\"","accept-ranges":"none","transfer-encoding":"chunked"}
[info] i  functions: preparing functions directory for uploading... 
[debug] [2021-05-18T15:58:10.156Z] >>> HTTP REQUEST GET https://runtimeconfig.googleapis.com/v1beta1/projects/peerpal-a286b/configs  
 
[debug] [2021-05-18T15:58:10.293Z] <<< HTTP RESPONSE 200 {"content-type":"application/json; charset=UTF-8","vary":"X-Origin, Referer, Origin,Accept-Encoding","date":"Tue, 18 May 2021 15:58:10 GMT","server":"ESF","cache-control":"private","x-xss-protection":"0","x-frame-options":"SAMEORIGIN","x-content-type-options":"nosniff","alt-svc":"h3-29=\":443\"; ma=2592000,h3-T051=\":443\"; ma=2592000,h3-Q050=\":443\"; ma=2592000,h3-Q046=\":443\"; ma=2592000,h3-Q043=\":443\"; ma=2592000,quic=\":443\"; ma=2592000; v=\"46,43\"","accept-ranges":"none","transfer-encoding":"chunked"}
[info] i  functions: packaged functions (23.86 KB) for uploading 
[debug] [2021-05-18T15:58:10.496Z] > [functions] package.json contents: {
  "name": "functions",
  "description": "Cloud Functions for Firebase",
  "scripts": {
    "serve": "firebase emulators:start --only functions",
    "shell": "firebase functions:shell",
    "start": "npm run shell",
    "deploy": "firebase deploy --only functions",
    "logs": "firebase functions:log"
  },
  "engines": {
    "node": "12"
  },
  "main": "index.js",
  "dependencies": {
    "firebase-admin": "^9.2.0",
    "firebase-functions": "^3.11.0",
    "node-fetch": "^2.6.1"
  },
  "devDependencies": {
    "firebase-functions-test": "^0.2.0"
  },
  "private": true
}
[debug] [2021-05-18T15:58:10.499Z] >>> HTTP REQUEST GET https://cloudfunctions.googleapis.com/v1/projects/peerpal-a286b/locations/-/functions  
 
[debug] [2021-05-18T15:58:10.891Z] <<< HTTP RESPONSE 200 {"content-type":"application/json; charset=UTF-8","vary":"X-Origin, Referer, Origin,Accept-Encoding","date":"Tue, 18 May 2021 15:58:10 GMT","server":"ESF","cache-control":"private","x-xss-protection":"0","x-frame-options":"SAMEORIGIN","x-content-type-options":"nosniff","alt-svc":"h3-29=\":443\"; ma=2592000,h3-T051=\":443\"; ma=2592000,h3-Q050=\":443\"; ma=2592000,h3-Q046=\":443\"; ma=2592000,h3-Q043=\":443\"; ma=2592000,quic=\":443\"; ma=2592000; v=\"46,43\"","accept-ranges":"none","transfer-encoding":"chunked"}
[debug] [2021-05-18T15:58:10.892Z] >>> HTTP REQUEST POST https://cloudfunctions.googleapis.com/v1/projects/peerpal-a286b/locations/us-central1/functions:generateUploadUrl  
 
[debug] [2021-05-18T15:58:11.639Z] <<< HTTP RESPONSE 200 {"content-type":"application/json; charset=UTF-8","vary":"X-Origin, Referer, Origin,Accept-Encoding","date":"Tue, 18 May 2021 15:58:11 GMT","server":"ESF","cache-control":"private","x-xss-protection":"0","x-frame-options":"SAMEORIGIN","x-content-type-options":"nosniff","alt-svc":"h3-29=\":443\"; ma=2592000,h3-T051=\":443\"; ma=2592000,h3-Q050=\":443\"; ma=2592000,h3-Q046=\":443\"; ma=2592000,h3-Q043=\":443\"; ma=2592000,quic=\":443\"; ma=2592000; v=\"46,43\"","accept-ranges":"none","transfer-encoding":"chunked"}
[debug] [2021-05-18T15:58:11.640Z] >>> HTTP REQUEST PUT https://storage.googleapis.com/gcf-upload-us-central1-149e794f-dd62-4391-928e-b0ae41e1f282/7f5b17ad-4e4f-48df-a7a1-b5fd2c914798.zip?GoogleAccessId=service-304059803531@gcf-admin-robot.iam.gserviceaccount.com&Expires=1621355291&Signature=s6gKrLTx3Jn5OlqggKUVGTETiC17eZVyQnOU%2BkKDHjnMbHQ0bEhLmckYdCYIG4flIsAH3CiPG%2FbrIo9gRMY%2FrOkq5CA9iTR8dxfgQMm13B%2FmKKjSTfKHxXFd5JN3J6ioI1bwrkKtezB%2Be3gjMn5bFuNVif17PCgv6i90odp%2BUPo%2BHaYfz9kcIVffkaFKEBrK9OvzE%2B9bnzbBV%2BX28iUn1FNJxTIvF58I4nm56oR0EOXK%2Fg%2F%2BFtP5QFqomUhokfjJyXH%2Ff2BaxQnzuCKjhr3j29yL%2Ft1UNNZtYzTtHStj%2FA8lZfROzDfJ6WjrI6L%2BrsHo1pLHVtcKtx%2F9Og0mhhdI9w%3D%3D  
 <request body omitted>
[debug] [2021-05-18T15:58:11.834Z] <<< HTTP RESPONSE 200 {"x-guploader-uploadid":"ABg5-Uzb4TF48HoFIdgAdwuTXI5l8ejkGOcJD-RY-cu_7dGsD8kg-J5LjftaNcLY0V7ihMSG8_ngJv4BTjH469KjZDuBU_XH8Q","etag":"\"cc6944337e9c4f493af1b67cd1b8f8a3\"","x-goog-generation":"1621353491804458","x-goog-metageneration":"1","x-goog-hash":"crc32c=N3wNWw==, md5=zGlEM36cT0k68bZ80bj4ow==","x-goog-stored-content-length":"24431","x-goog-stored-content-encoding":"identity","vary":"Origin","content-length":"0","date":"Tue, 18 May 2021 15:58:11 GMT","server":"UploadServer","content-type":"text/html; charset=UTF-8","alt-svc":"h3-29=\":443\"; ma=2592000,h3-T051=\":443\"; ma=2592000,h3-Q050=\":443\"; ma=2592000,h3-Q046=\":443\"; ma=2592000,h3-Q043=\":443\"; ma=2592000,quic=\":443\"; ma=2592000; v=\"46,43\""}
[info] ✔  functions: functions folder uploaded successfully 
[info] i  functions: updating Node.js 12 function getClasses(us-central1)... 
[debug] [2021-05-18T15:58:11.840Z] >>> HTTP REQUEST PATCH https://cloudfunctions.googleapis.com/v1/projects/peerpal-a286b/locations/us-central1/functions/getClasses {"updateMask":"sourceUploadUrl,name,labels,runtime,environmentVariables,httpsTrigger"} 
 {"sourceUploadUrl":"https://storage.googleapis.com/gcf-upload-us-central1-149e794f-dd62-4391-928e-b0ae41e1f282/7f5b17ad-4e4f-48df-a7a1-b5fd2c914798.zip?GoogleAccessId=service-304059803531@gcf-admin-robot.iam.gserviceaccount.com&Expires=1621355291&Signature=s6gKrLTx3Jn5OlqggKUVGTETiC17eZVyQnOU%2BkKDHjnMbHQ0bEhLmckYdCYIG4flIsAH3CiPG%2FbrIo9gRMY%2FrOkq5CA9iTR8dxfgQMm13B%2FmKKjSTfKHxXFd5JN3J6ioI1bwrkKtezB%2Be3gjMn5bFuNVif17PCgv6i90odp%2BUPo%2BHaYfz9kcIVffkaFKEBrK9OvzE%2B9bnzbBV%2BX28iUn1FNJxTIvF58I4nm56oR0EOXK%2Fg%2F%2BFtP5QFqomUhokfjJyXH%2Ff2BaxQnzuCKjhr3j29yL%2Ft1UNNZtYzTtHStj%2FA8lZfROzDfJ6WjrI6L%2BrsHo1pLHVtcKtx%2F9Og0mhhdI9w%3D%3D","name":"projects/peerpal-a286b/locations/us-central1/functions/getClasses","labels":{"deployment-tool":"cli-firebase"},"httpsTrigger":{},"runtime":"nodejs12","environmentVariables":{"FIREBASE_CONFIG":"{\"projectId\":\"peerpal-a286b\",\"databaseURL\":\"https://peerpal-a286b-default-rtdb.firebaseio.com\",\"storageBucket\":\"peerpal-a286b.appspot.com\"}"}}
[debug] [2021-05-18T15:58:12.444Z] <<< HTTP RESPONSE 200 {"content-type":"application/json; charset=UTF-8","vary":"X-Origin, Referer, Origin,Accept-Encoding","date":"Tue, 18 May 2021 15:58:12 GMT","server":"ESF","cache-control":"private","x-xss-protection":"0","x-frame-options":"SAMEORIGIN","x-content-type-options":"nosniff","alt-svc":"h3-29=\":443\"; ma=2592000,h3-T051=\":443\"; ma=2592000,h3-Q050=\":443\"; ma=2592000,h3-Q046=\":443\"; ma=2592000,h3-Q043=\":443\"; ma=2592000,quic=\":443\"; ma=2592000; v=\"46,43\"","accept-ranges":"none","transfer-encoding":"chunked"}
[debug] [2021-05-18T15:58:12.445Z] > refreshing access token with scopes: []
[debug] [2021-05-18T15:58:12.446Z] >>> HTTP REQUEST POST https://www.googleapis.com/oauth2/v3/token  
 <request body omitted>
[debug] [2021-05-18T15:58:12.547Z] <<< HTTP RESPONSE 200 {"cache-control":"no-cache, no-store, max-age=0, must-revalidate","date":"Tue, 18 May 2021 15:58:12 GMT","pragma":"no-cache","expires":"Mon, 01 Jan 1990 00:00:00 GMT","content-type":"application/json; charset=utf-8","vary":"X-Origin, Referer, Origin,Accept-Encoding","server":"scaffolding on HTTPServer2","x-xss-protection":"0","x-frame-options":"SAMEORIGIN","x-content-type-options":"nosniff","alt-svc":"h3-29=\":443\"; ma=2592000,h3-T051=\":443\"; ma=2592000,h3-Q050=\":443\"; ma=2592000,h3-Q046=\":443\"; ma=2592000,h3-Q043=\":443\"; ma=2592000,quic=\":443\"; ma=2592000; v=\"46,43\"","accept-ranges":"none","transfer-encoding":"chunked"}
[debug] [2021-05-18T15:58:12.562Z] >>> [apiv2][query] GET https://cloudfunctions.googleapis.com/v1/operations/cGVlcnBhbC1hMjg2Yi91cy1jZW50cmFsMS9nZXRDbGFzc2VzL1V3TkhqT3NIeHpZ [none]
[debug] [2021-05-18T15:58:12.737Z] <<< [apiv2][status] GET https://cloudfunctions.googleapis.com/v1/operations/cGVlcnBhbC1hMjg2Yi91cy1jZW50cmFsMS9nZXRDbGFzc2VzL1V3TkhqT3NIeHpZ 200
[debug] [2021-05-18T15:58:12.738Z] <<< [apiv2][body] GET https://cloudfunctions.googleapis.com/v1/operations/cGVlcnBhbC1hMjg2Yi91cy1jZW50cmFsMS9nZXRDbGFzc2VzL1V3TkhqT3NIeHpZ {"name":"operations/cGVlcnBhbC1hMjg2Yi91cy1jZW50cmFsMS9nZXRDbGFzc2VzL1V3TkhqT3NIeHpZ","metadata":{"@type":"type.googleapis.com/google.cloud.functions.v1.OperationMetadataV1","target":"projects/peerpal-a286b/locations/us-central1/functions/getClasses","type":"UPDATE_FUNCTION","request":{"@type":"type.googleapis.com/google.cloud.functions.v1.CloudFunction","name":"projects/peerpal-a286b/locations/us-central1/functions/getClasses","httpsTrigger":{},"status":"ACTIVE","entryPoint":"getClasses","timeout":"60s","availableMemoryMb":256,"serviceAccountEmail":"peerpal-a286b@appspot.gserviceaccount.com","updateTime":"2021-05-18T15:54:13.894Z","versionId":"3","labels":{"deployment-tool":"cli-firebase"},"sourceUploadUrl":"https://storage.googleapis.com/gcf-upload-us-central1-149e794f-dd62-4391-928e-b0ae41e1f282/7f5b17ad-4e4f-48df-a7a1-b5fd2c914798.zip?GoogleAccessId=service-304059803531@gcf-admin-robot.iam.gserviceaccount.com&Expires=1621355291&Signature=s6gKrLTx3Jn5OlqggKUVGTETiC17eZVyQnOU%2BkKDHjnMbHQ0bEhLmckYdCYIG4flIsAH3CiPG%2FbrIo9gRMY%2FrOkq5CA9iTR8dxfgQMm13B%2FmKKjSTfKHxXFd5JN3J6ioI1bwrkKtezB%2Be3gjMn5bFuNVif17PCgv6i90odp%2BUPo%2BHaYfz9kcIVffkaFKEBrK9OvzE%2B9bnzbBV%2BX28iUn1FNJxTIvF58I4nm56oR0EOXK%2Fg%2F%2BFtP5QFqomUhokfjJyXH%2Ff2BaxQnzuCKjhr3j29yL%2Ft1UNNZtYzTtHStj%2FA8lZfROzDfJ6WjrI6L%2BrsHo1pLHVtcKtx%2F9Og0mhhdI9w%3D%3D","environmentVariables":{"FIREBASE_CONFIG":"{\"projectId\":\"peerpal-a286b\",\"databaseURL\":\"https://peerpal-a286b-default-rtdb.firebaseio.com\",\"storageBucket\":\"peerpal-a286b.appspot.com\"}"},"runtime":"nodejs12","ingressSettings":"ALLOW_ALL","buildId":"6aaf88a2-c43a-4be0-b5c1-81e6f9698ee7"},"versionId":"4","updateTime":"2021-05-18T15:58:12Z","buildName":"projects/304059803531/locations/us-central1/builds/6aaf88a2-c43a-4be0-b5c1-81e6f9698ee7"}}
[debug] [2021-05-18T15:58:13.242Z] [update-projects/peerpal-a286b/locations/us-central1/functions/getClasses] Retrying task index 0
[debug] [2021-05-18T15:58:13.243Z] >>> [apiv2][query] GET https://cloudfunctions.googleapis.com/v1/operations/cGVlcnBhbC1hMjg2Yi91cy1jZW50cmFsMS9nZXRDbGFzc2VzL1V3TkhqT3NIeHpZ [none]
[debug] [2021-05-18T15:58:13.369Z] <<< [apiv2][status] GET https://cloudfunctions.googleapis.com/v1/operations/cGVlcnBhbC1hMjg2Yi91cy1jZW50cmFsMS9nZXRDbGFzc2VzL1V3TkhqT3NIeHpZ 200
[debug] [2021-05-18T15:58:13.369Z] <<< [apiv2][body] GET https://cloudfunctions.googleapis.com/v1/operations/cGVlcnBhbC1hMjg2Yi91cy1jZW50cmFsMS9nZXRDbGFzc2VzL1V3TkhqT3NIeHpZ {"name":"operations/cGVlcnBhbC1hMjg2Yi91cy1jZW50cmFsMS9nZXRDbGFzc2VzL1V3TkhqT3NIeHpZ","metadata":{"@type":"type.googleapis.com/google.cloud.functions.v1.OperationMetadataV1","target":"projects/peerpal-a286b/locations/us-central1/functions/getClasses","type":"UPDATE_FUNCTION","request":{"@type":"type.googleapis.com/google.cloud.functions.v1.CloudFunction","name":"projects/peerpal-a286b/locations/us-central1/functions/getClasses","httpsTrigger":{},"status":"ACTIVE","entryPoint":"getClasses","timeout":"60s","availableMemoryMb":256,"serviceAccountEmail":"peerpal-a286b@appspot.gserviceaccount.com","updateTime":"2021-05-18T15:54:13.894Z","versionId":"3","labels":{"deployment-tool":"cli-firebase"},"sourceUploadUrl":"https://storage.googleapis.com/gcf-upload-us-central1-149e794f-dd62-4391-928e-b0ae41e1f282/7f5b17ad-4e4f-48df-a7a1-b5fd2c914798.zip?GoogleAccessId=service-304059803531@gcf-admin-robot.iam.gserviceaccount.com&Expires=1621355291&Signature=s6gKrLTx3Jn5OlqggKUVGTETiC17eZVyQnOU%2BkKDHjnMbHQ0bEhLmckYdCYIG4flIsAH3CiPG%2FbrIo9gRMY%2FrOkq5CA9iTR8dxfgQMm13B%2FmKKjSTfKHxXFd5JN3J6ioI1bwrkKtezB%2Be3gjMn5bFuNVif17PCgv6i90odp%2BUPo%2BHaYfz9kcIVffkaFKEBrK9OvzE%2B9bnzbBV%2BX28iUn1FNJxTIvF58I4nm56oR0EOXK%2Fg%2F%2BFtP5QFqomUhokfjJyXH%2Ff2BaxQnzuCKjhr3j29yL%2Ft1UNNZtYzTtHStj%2FA8lZfROzDfJ6WjrI6L%2BrsHo1pLHVtcKtx%2F9Og0mhhdI9w%3D%3D","environmentVariables":{"FIREBASE_CONFIG":"{\"projectId\":\"peerpal-a286b\",\"databaseURL\":\"https://peerpal-a286b-default-rtdb.firebaseio.com\",\"storageBucket\":\"peerpal-a286b.appspot.com\"}"},"runtime":"nodejs12","ingressSettings":"ALLOW_ALL","buildId":"6aaf88a2-c43a-4be0-b5c1-81e6f9698ee7"},"versionId":"4","updateTime":"2021-05-18T15:58:12Z","buildId":"932c6977-37a9-4899-a050-8d8008e82719","buildName":"projects/304059803531/locations/us-central1/builds/932c6977-37a9-4899-a050-8d8008e82719"}}
[debug] [2021-05-18T15:58:14.374Z] [update-projects/peerpal-a286b/locations/us-central1/functions/getClasses] Retrying task index 0
[debug] [2021-05-18T15:58:14.374Z] >>> [apiv2][query] GET https://cloudfunctions.googleapis.com/v1/operations/cGVlcnBhbC1hMjg2Yi91cy1jZW50cmFsMS9nZXRDbGFzc2VzL1V3TkhqT3NIeHpZ [none]
[debug] [2021-05-18T15:58:14.506Z] <<< [apiv2][status] GET https://cloudfunctions.googleapis.com/v1/operations/cGVlcnBhbC1hMjg2Yi91cy1jZW50cmFsMS9nZXRDbGFzc2VzL1V3TkhqT3NIeHpZ 200
[debug] [2021-05-18T15:58:14.506Z] <<< [apiv2][body] GET https://cloudfunctions.googleapis.com/v1/operations/cGVlcnBhbC1hMjg2Yi91cy1jZW50cmFsMS9nZXRDbGFzc2VzL1V3TkhqT3NIeHpZ {"name":"operations/cGVlcnBhbC1hMjg2Yi91cy1jZW50cmFsMS9nZXRDbGFzc2VzL1V3TkhqT3NIeHpZ","metadata":{"@type":"type.googleapis.com/google.cloud.functions.v1.OperationMetadataV1","target":"projects/peerpal-a286b/locations/us-central1/functions/getClasses","type":"UPDATE_FUNCTION","request":{"@type":"type.googleapis.com/google.cloud.functions.v1.CloudFunction","name":"projects/peerpal-a286b/locations/us-central1/functions/getClasses","httpsTrigger":{},"status":"ACTIVE","entryPoint":"getClasses","timeout":"60s","availableMemoryMb":256,"serviceAccountEmail":"peerpal-a286b@appspot.gserviceaccount.com","updateTime":"2021-05-18T15:54:13.894Z","versionId":"3","labels":{"deployment-tool":"cli-firebase"},"sourceUploadUrl":"https://storage.googleapis.com/gcf-upload-us-central1-149e794f-dd62-4391-928e-b0ae41e1f282/7f5b17ad-4e4f-48df-a7a1-b5fd2c914798.zip?GoogleAccessId=service-304059803531@gcf-admin-robot.iam.gserviceaccount.com&Expires=1621355291&Signature=s6gKrLTx3Jn5OlqggKUVGTETiC17eZVyQnOU%2BkKDHjnMbHQ0bEhLmckYdCYIG4flIsAH3CiPG%2FbrIo9gRMY%2FrOkq5CA9iTR8dxfgQMm13B%2FmKKjSTfKHxXFd5JN3J6ioI1bwrkKtezB%2Be3gjMn5bFuNVif17PCgv6i90odp%2BUPo%2BHaYfz9kcIVffkaFKEBrK9OvzE%2B9bnzbBV%2BX28iUn1FNJxTIvF58I4nm56oR0EOXK%2Fg%2F%2BFtP5QFqomUhokfjJyXH%2Ff2BaxQnzuCKjhr3j29yL%2Ft1UNNZtYzTtHStj%2FA8lZfROzDfJ6WjrI6L%2BrsHo1pLHVtcKtx%2F9Og0mhhdI9w%3D%3D","environmentVariables":{"FIREBASE_CONFIG":"{\"projectId\":\"peerpal-a286b\",\"databaseURL\":\"https://peerpal-a286b-default-rtdb.firebaseio.com\",\"storageBucket\":\"peerpal-a286b.appspot.com\"}"},"runtime":"nodejs12","ingressSettings":"ALLOW_ALL","buildId":"6aaf88a2-c43a-4be0-b5c1-81e6f9698ee7"},"versionId":"4","updateTime":"2021-05-18T15:58:12Z","buildId":"932c6977-37a9-4899-a050-8d8008e82719","buildName":"projects/304059803531/locations/us-central1/builds/932c6977-37a9-4899-a050-8d8008e82719"}}
[debug] [2021-05-18T15:58:16.509Z] [update-projects/peerpal-a286b/locations/us-central1/functions/getClasses] Retrying task index 0
[debug] [2021-05-18T15:58:16.509Z] >>> [apiv2][query] GET https://cloudfunctions.googleapis.com/v1/operations/cGVlcnBhbC1hMjg2Yi91cy1jZW50cmFsMS9nZXRDbGFzc2VzL1V3TkhqT3NIeHpZ [none]
[debug] [2021-05-18T15:58:16.655Z] <<< [apiv2][status] GET https://cloudfunctions.googleapis.com/v1/operations/cGVlcnBhbC1hMjg2Yi91cy1jZW50cmFsMS9nZXRDbGFzc2VzL1V3TkhqT3NIeHpZ 200
[debug] [2021-05-18T15:58:16.655Z] <<< [apiv2][body] GET https://cloudfunctions.googleapis.com/v1/operations/cGVlcnBhbC1hMjg2Yi91cy1jZW50cmFsMS9nZXRDbGFzc2VzL1V3TkhqT3NIeHpZ {"name":"operations/cGVlcnBhbC1hMjg2Yi91cy1jZW50cmFsMS9nZXRDbGFzc2VzL1V3TkhqT3NIeHpZ","metadata":{"@type":"type.googleapis.com/google.cloud.functions.v1.OperationMetadataV1","target":"projects/peerpal-a286b/locations/us-central1/functions/getClasses","type":"UPDATE_FUNCTION","request":{"@type":"type.googleapis.com/google.cloud.functions.v1.CloudFunction","name":"projects/peerpal-a286b/locations/us-central1/functions/getClasses","httpsTrigger":{},"status":"ACTIVE","entryPoint":"getClasses","timeout":"60s","availableMemoryMb":256,"serviceAccountEmail":"peerpal-a286b@appspot.gserviceaccount.com","updateTime":"2021-05-18T15:54:13.894Z","versionId":"3","labels":{"deployment-tool":"cli-firebase"},"sourceUploadUrl":"https://storage.googleapis.com/gcf-upload-us-central1-149e794f-dd62-4391-928e-b0ae41e1f282/7f5b17ad-4e4f-48df-a7a1-b5fd2c914798.zip?GoogleAccessId=service-304059803531@gcf-admin-robot.iam.gserviceaccount.com&Expires=1621355291&Signature=s6gKrLTx3Jn5OlqggKUVGTETiC17eZVyQnOU%2BkKDHjnMbHQ0bEhLmckYdCYIG4flIsAH3CiPG%2FbrIo9gRMY%2FrOkq5CA9iTR8dxfgQMm13B%2FmKKjSTfKHxXFd5JN3J6ioI1bwrkKtezB%2Be3gjMn5bFuNVif17PCgv6i90odp%2BUPo%2BHaYfz9kcIVffkaFKEBrK9OvzE%2B9bnzbBV%2BX28iUn1FNJxTIvF58I4nm56oR0EOXK%2Fg%2F%2BFtP5QFqomUhokfjJyXH%2Ff2BaxQnzuCKjhr3j29yL%2Ft1UNNZtYzTtHStj%2FA8lZfROzDfJ6WjrI6L%2BrsHo1pLHVtcKtx%2F9Og0mhhdI9w%3D%3D","environmentVariables":{"FIREBASE_CONFIG":"{\"projectId\":\"peerpal-a286b\",\"databaseURL\":\"https://peerpal-a286b-default-rtdb.firebaseio.com\",\"storageBucket\":\"peerpal-a286b.appspot.com\"}"},"runtime":"nodejs12","ingressSettings":"ALLOW_ALL","buildId":"6aaf88a2-c43a-4be0-b5c1-81e6f9698ee7"},"versionId":"4","updateTime":"2021-05-18T15:58:12Z","buildId":"932c6977-37a9-4899-a050-8d8008e82719","buildName":"projects/304059803531/locations/us-central1/builds/932c6977-37a9-4899-a050-8d8008e82719"}}
[debug] [2021-05-18T15:58:20.660Z] [update-projects/peerpal-a286b/locations/us-central1/functions/getClasses] Retrying task index 0
[debug] [2021-05-18T15:58:20.660Z] >>> [apiv2][query] GET https://cloudfunctions.googleapis.com/v1/operations/cGVlcnBhbC1hMjg2Yi91cy1jZW50cmFsMS9nZXRDbGFzc2VzL1V3TkhqT3NIeHpZ [none]
[debug] [2021-05-18T15:58:20.794Z] <<< [apiv2][status] GET https://cloudfunctions.googleapis.com/v1/operations/cGVlcnBhbC1hMjg2Yi91cy1jZW50cmFsMS9nZXRDbGFzc2VzL1V3TkhqT3NIeHpZ 200
[debug] [2021-05-18T15:58:20.794Z] <<< [apiv2][body] GET https://cloudfunctions.googleapis.com/v1/operations/cGVlcnBhbC1hMjg2Yi91cy1jZW50cmFsMS9nZXRDbGFzc2VzL1V3TkhqT3NIeHpZ {"name":"operations/cGVlcnBhbC1hMjg2Yi91cy1jZW50cmFsMS9nZXRDbGFzc2VzL1V3TkhqT3NIeHpZ","metadata":{"@type":"type.googleapis.com/google.cloud.functions.v1.OperationMetadataV1","target":"projects/peerpal-a286b/locations/us-central1/functions/getClasses","type":"UPDATE_FUNCTION","request":{"@type":"type.googleapis.com/google.cloud.functions.v1.CloudFunction","name":"projects/peerpal-a286b/locations/us-central1/functions/getClasses","httpsTrigger":{},"status":"ACTIVE","entryPoint":"getClasses","timeout":"60s","availableMemoryMb":256,"serviceAccountEmail":"peerpal-a286b@appspot.gserviceaccount.com","updateTime":"2021-05-18T15:54:13.894Z","versionId":"3","labels":{"deployment-tool":"cli-firebase"},"sourceUploadUrl":"https://storage.googleapis.com/gcf-upload-us-central1-149e794f-dd62-4391-928e-b0ae41e1f282/7f5b17ad-4e4f-48df-a7a1-b5fd2c914798.zip?GoogleAccessId=service-304059803531@gcf-admin-robot.iam.gserviceaccount.com&Expires=1621355291&Signature=s6gKrLTx3Jn5OlqggKUVGTETiC17eZVyQnOU%2BkKDHjnMbHQ0bEhLmckYdCYIG4flIsAH3CiPG%2FbrIo9gRMY%2FrOkq5CA9iTR8dxfgQMm13B%2FmKKjSTfKHxXFd5JN3J6ioI1bwrkKtezB%2Be3gjMn5bFuNVif17PCgv6i90odp%2BUPo%2BHaYfz9kcIVffkaFKEBrK9OvzE%2B9bnzbBV%2BX28iUn1FNJxTIvF58I4nm56oR0EOXK%2Fg%2F%2BFtP5QFqomUhokfjJyXH%2Ff2BaxQnzuCKjhr3j29yL%2Ft1UNNZtYzTtHStj%2FA8lZfROzDfJ6WjrI6L%2BrsHo1pLHVtcKtx%2F9Og0mhhdI9w%3D%3D","environmentVariables":{"FIREBASE_CONFIG":"{\"projectId\":\"peerpal-a286b\",\"databaseURL\":\"https://peerpal-a286b-default-rtdb.firebaseio.com\",\"storageBucket\":\"peerpal-a286b.appspot.com\"}"},"runtime":"nodejs12","ingressSettings":"ALLOW_ALL","buildId":"6aaf88a2-c43a-4be0-b5c1-81e6f9698ee7"},"versionId":"4","updateTime":"2021-05-18T15:58:12Z","buildId":"932c6977-37a9-4899-a050-8d8008e82719","buildName":"projects/304059803531/locations/us-central1/builds/932c6977-37a9-4899-a050-8d8008e82719"}}
[debug] [2021-05-18T15:58:28.798Z] [update-projects/peerpal-a286b/locations/us-central1/functions/getClasses] Retrying task index 0
[debug] [2021-05-18T15:58:28.799Z] >>> [apiv2][query] GET https://cloudfunctions.googleapis.com/v1/operations/cGVlcnBhbC1hMjg2Yi91cy1jZW50cmFsMS9nZXRDbGFzc2VzL1V3TkhqT3NIeHpZ [none]
[debug] [2021-05-18T15:58:28.949Z] <<< [apiv2][status] GET https://cloudfunctions.googleapis.com/v1/operations/cGVlcnBhbC1hMjg2Yi91cy1jZW50cmFsMS9nZXRDbGFzc2VzL1V3TkhqT3NIeHpZ 200
[debug] [2021-05-18T15:58:28.949Z] <<< [apiv2][body] GET https://cloudfunctions.googleapis.com/v1/operations/cGVlcnBhbC1hMjg2Yi91cy1jZW50cmFsMS9nZXRDbGFzc2VzL1V3TkhqT3NIeHpZ {"name":"operations/cGVlcnBhbC1hMjg2Yi91cy1jZW50cmFsMS9nZXRDbGFzc2VzL1V3TkhqT3NIeHpZ","metadata":{"@type":"type.googleapis.com/google.cloud.functions.v1.OperationMetadataV1","target":"projects/peerpal-a286b/locations/us-central1/functions/getClasses","type":"UPDATE_FUNCTION","request":{"@type":"type.googleapis.com/google.cloud.functions.v1.CloudFunction","name":"projects/peerpal-a286b/locations/us-central1/functions/getClasses","httpsTrigger":{},"status":"ACTIVE","entryPoint":"getClasses","timeout":"60s","availableMemoryMb":256,"serviceAccountEmail":"peerpal-a286b@appspot.gserviceaccount.com","updateTime":"2021-05-18T15:54:13.894Z","versionId":"3","labels":{"deployment-tool":"cli-firebase"},"sourceUploadUrl":"https://storage.googleapis.com/gcf-upload-us-central1-149e794f-dd62-4391-928e-b0ae41e1f282/7f5b17ad-4e4f-48df-a7a1-b5fd2c914798.zip?GoogleAccessId=service-304059803531@gcf-admin-robot.iam.gserviceaccount.com&Expires=1621355291&Signature=s6gKrLTx3Jn5OlqggKUVGTETiC17eZVyQnOU%2BkKDHjnMbHQ0bEhLmckYdCYIG4flIsAH3CiPG%2FbrIo9gRMY%2FrOkq5CA9iTR8dxfgQMm13B%2FmKKjSTfKHxXFd5JN3J6ioI1bwrkKtezB%2Be3gjMn5bFuNVif17PCgv6i90odp%2BUPo%2BHaYfz9kcIVffkaFKEBrK9OvzE%2B9bnzbBV%2BX28iUn1FNJxTIvF58I4nm56oR0EOXK%2Fg%2F%2BFtP5QFqomUhokfjJyXH%2Ff2BaxQnzuCKjhr3j29yL%2Ft1UNNZtYzTtHStj%2FA8lZfROzDfJ6WjrI6L%2BrsHo1pLHVtcKtx%2F9Og0mhhdI9w%3D%3D","environmentVariables":{"FIREBASE_CONFIG":"{\"projectId\":\"peerpal-a286b\",\"databaseURL\":\"https://peerpal-a286b-default-rtdb.firebaseio.com\",\"storageBucket\":\"peerpal-a286b.appspot.com\"}"},"runtime":"nodejs12","ingressSettings":"ALLOW_ALL","buildId":"6aaf88a2-c43a-4be0-b5c1-81e6f9698ee7"},"versionId":"4","updateTime":"2021-05-18T15:58:12Z","buildId":"932c6977-37a9-4899-a050-8d8008e82719","buildName":"projects/304059803531/locations/us-central1/builds/932c6977-37a9-4899-a050-8d8008e82719"}}
[debug] [2021-05-18T15:58:44.953Z] [update-projects/peerpal-a286b/locations/us-central1/functions/getClasses] Retrying task index 0
[debug] [2021-05-18T15:58:44.954Z] >>> [apiv2][query] GET https://cloudfunctions.googleapis.com/v1/operations/cGVlcnBhbC1hMjg2Yi91cy1jZW50cmFsMS9nZXRDbGFzc2VzL1V3TkhqT3NIeHpZ [none]
[debug] [2021-05-18T15:58:45.088Z] <<< [apiv2][status] GET https://cloudfunctions.googleapis.com/v1/operations/cGVlcnBhbC1hMjg2Yi91cy1jZW50cmFsMS9nZXRDbGFzc2VzL1V3TkhqT3NIeHpZ 200
[debug] [2021-05-18T15:58:45.089Z] <<< [apiv2][body] GET https://cloudfunctions.googleapis.com/v1/operations/cGVlcnBhbC1hMjg2Yi91cy1jZW50cmFsMS9nZXRDbGFzc2VzL1V3TkhqT3NIeHpZ {"name":"operations/cGVlcnBhbC1hMjg2Yi91cy1jZW50cmFsMS9nZXRDbGFzc2VzL1V3TkhqT3NIeHpZ","metadata":{"@type":"type.googleapis.com/google.cloud.functions.v1.OperationMetadataV1","target":"projects/peerpal-a286b/locations/us-central1/functions/getClasses","type":"UPDATE_FUNCTION","request":{"@type":"type.googleapis.com/google.cloud.functions.v1.CloudFunction","name":"projects/peerpal-a286b/locations/us-central1/functions/getClasses","httpsTrigger":{},"status":"ACTIVE","entryPoint":"getClasses","timeout":"60s","availableMemoryMb":256,"serviceAccountEmail":"peerpal-a286b@appspot.gserviceaccount.com","updateTime":"2021-05-18T15:54:13.894Z","versionId":"3","labels":{"deployment-tool":"cli-firebase"},"sourceUploadUrl":"https://storage.googleapis.com/gcf-upload-us-central1-149e794f-dd62-4391-928e-b0ae41e1f282/7f5b17ad-4e4f-48df-a7a1-b5fd2c914798.zip?GoogleAccessId=service-304059803531@gcf-admin-robot.iam.gserviceaccount.com&Expires=1621355291&Signature=s6gKrLTx3Jn5OlqggKUVGTETiC17eZVyQnOU%2BkKDHjnMbHQ0bEhLmckYdCYIG4flIsAH3CiPG%2FbrIo9gRMY%2FrOkq5CA9iTR8dxfgQMm13B%2FmKKjSTfKHxXFd5JN3J6ioI1bwrkKtezB%2Be3gjMn5bFuNVif17PCgv6i90odp%2BUPo%2BHaYfz9kcIVffkaFKEBrK9OvzE%2B9bnzbBV%2BX28iUn1FNJxTIvF58I4nm56oR0EOXK%2Fg%2F%2BFtP5QFqomUhokfjJyXH%2Ff2BaxQnzuCKjhr3j29yL%2Ft1UNNZtYzTtHStj%2FA8lZfROzDfJ6WjrI6L%2BrsHo1pLHVtcKtx%2F9Og0mhhdI9w%3D%3D","environmentVariables":{"FIREBASE_CONFIG":"{\"projectId\":\"peerpal-a286b\",\"databaseURL\":\"https://peerpal-a286b-default-rtdb.firebaseio.com\",\"storageBucket\":\"peerpal-a286b.appspot.com\"}"},"runtime":"nodejs12","ingressSettings":"ALLOW_ALL","buildId":"6aaf88a2-c43a-4be0-b5c1-81e6f9698ee7"},"versionId":"4","updateTime":"2021-05-18T15:58:12Z","buildId":"932c6977-37a9-4899-a050-8d8008e82719","buildName":"projects/304059803531/locations/us-central1/builds/932c6977-37a9-4899-a050-8d8008e82719"}}
